 _ _ _ _ _ _ _ _ _ _
|_  |_  | |    _ _  |
|  _  |  _ _| | |_  |
| |  _ _  |     | | |
|_|_   _|_  | | | | |
|_   _     _ _| | |_|
|_ _  |_|_| |_   _  |
| | |_    | |       |
| | |  _|_|  _|_| | |
|    _    |_| |   | |
|_|_ _|_|_ _ _|_|_ _|
(distribucion llaves)
(sala:1: 0 1 1 2 3)
(sala:11: 3 4 5 5 6)
(sala:12: 7 7 8 9 9)
(sala:22: 10 11 11 12 13)
(sala:26: 13 14 15 15 16)
(sala:27: 17 17 18 19 19)
(sala:37: 20 21 21 22 23)
(sala:47: 23 24 25 25 26)
(sala:57: 27 27 28 29 29)
(ruta:B: E S E S O S E S E E E N N E E S S S E E S O S S S E)
(ruta:N: E S E S O S E S E E E N N E E S S S E E S O S S S E)
(ruta:Y: E S O S S N N E E S O S E S O O E S O E E S E S O S O N N S S O N N S S S N E S E O N E E S N E S E E N S O O N O O N E N E S N O O N O N E E S N E S N E E N N E S S S O E S O S O N N S S S N E N E S N E S S O S N E S E)
(ruta:S: N N N S S E N N S S E N E N O N O O E N O E E N O N E N O O S S N N E N O E S E S E N N O E S E N S E N E E E E S S S S N N N O E N O O O S S E N S S S S E N N N S S S E S S S S)
(ruta:T: N N N S S E N N S S E N E N O N O O E N O E E N O N E N O O S S N N E N O E S E S E N N O E S E N S E N E E E E S S S S N N N O E N O O O S S E N S S S S E N N N S S S E S S S S)
(ruta:A: N N N N O O N N N O N N E E E O O O O S O O S O N O N O E S E S O S E S O S E S E S O S O O S N E E N E N O N O N E E E E N N E E S S S E E S S S S)
(ruta:O: N N N N O O N N N O N N E E E O O O O S O O S O N O N O E S E S O S E S O S E S E S O S O O S N E E N E N O N O N E E E E N N E E S S S E E S S S S)

(turno:0)
(laberinto:99)
(puerta:cerrada:7: 1 3 5 7 9 11 13 15 17 19 21 23 25 27 29:)
 _ _ _ _ _ _ _ _ _ _
|3  |_  | |    _ _  |
|  _  |  _ _| | |_  |
| |  _ _  |     | | |
|_|_   _|_  | | | | |
|_   _     _ _| | |_|
|_ _  |_|_| |_   _  |
| | |_    | |       |
| | |  _|_|  _|_| | |
|    _    |_| |   | |
|2|_ _|_|_ _ _|_|_ 2|
(sala:1: 0 1 1 2 3)
(sala:11: 3 4 5 5 6)
(sala:12: 7 7 8 9 9)
(sala:22: 10 11 11 12 13)
(sala:26: 13 14 15 15 16)
(sala:27: 17 17 18 19 19)
(sala:37: 20 21 21 22 23)
(sala:47: 23 24 25 25 26)
(sala:57: 27 27 28 29 29)
(bender1:B:0:3:)
(bender2:N:0:4:)
(sonny1:Y:0:5:)
(spirit1:S:90:7:)
(spirit2:T:90:5:)
(asimo1:A:99:1: 29 27 25 23 21 19 17 15 13 11 9 7 5 3 1)
(asimo2:O:99:2: 29 27 25 23 21 19 17 15 13 11 9 7 5 3 1)
(turno:1)
(laberinto:99)
(puerta:cerrada:7: 1 3 5 7 9 11 13 15 17 19 21 23 25 27 29:)
 _ _ _ _ _ _ _ _ _ _
|3  |_  | |    _ _  |
|  _  |  _ _| | |_  |
| |  _ _  |     | | |
|_|_   _|_  | | | | |
|_   _     _ _| | |_|
|_ _  |_|_| |_   _  |
| | |_    | |       |
| | |  _|_|  _|_| | |
|    _    |_| |   |A|
|2|_ _|_|_ _ _|_|_ O|
(sala:1: 0 1 1 2 3)
(sala:11: 3 4 5 5 6)
(sala:12: 7 7 8 9 9)
(sala:22: 10 11 11 12 13)
(sala:26: 13 14 15 15 16)
(sala:27: 17 17 18 19 19)
(sala:37: 20 21 21 22 23)
(sala:47: 23 24 25 25 26)
(sala:57: 27 27 28 29 29)
(bender1:B:0:3:)
(bender2:N:0:4:)
(sonny1:Y:0:5:)
(asimo1:A:89:1: 29 27 25 23 21 19 17 15 13 11 9 7 5 3 1)
(spirit1:S:90:7:)
(spirit2:T:90:5:)
(asimo2:O:99:2: 29 27 25 23 21 19 17 15 13 11 9 7 5 3 1)
(turno:2)
(laberinto:99)
(puerta:cerrada:7: 1 3 5 7 9 11 13 15 17 19 21 23 25 27 29:)
 _ _ _ _ _ _ _ _ _ _
|3  |_  | |    _ _  |
|  _  |  _ _| | |_  |
| |  _ _  |     | | |
|_|_   _|_  | | | | |
|_   _     _ _| | |_|
|_ _  |_|_| |_   _  |
| | |_    | |       |
| | |  _|_|  _|_| |A|
|    _    |_| |   |O|
|2|_ _|_|_ _ _|_|_ _|
(sala:1: 0 1 1 2 3)
(sala:11: 3 4 5 5 6)
(sala:12: 7 7 8 9 9)
(sala:22: 10 11 11 12 13)
(sala:26: 13 14 15 15 16)
(sala:27: 17 17 18 19 19)
(sala:37: 20 21 21 22 23)
(sala:47: 23 24 25 25 26)
(sala:57: 27 27 28 29 29)
(bender1:B:0:3:)
(bender2:N:0:4:)
(sonny1:Y:0:5:)
(asimo1:A:79:2: 29 27 25 23 21 19 17 15 13 11 9 7 5 3 1)
(asimo2:O:89:2: 29 27 25 23 21 19 17 15 13 11 9 7 5 3 1)
(spirit1:S:90:7:)
(spirit2:T:90:5:)
(turno:3)
(laberinto:99)
(puerta:cerrada:7: 1 3 5 7 9 11 13 15 17 19 21 23 25 27 29:)
 _ _ _ _ _ _ _ _ _ _
|2 B|_  | |    _ _  |
|  _  |  _ _| | |_  |
| |  _ _  |     | | |
|_|_   _|_  | | | | |
|_   _     _ _| | |_|
|_ _  |_|_| |_   _  |
| | |_    | |      A|
| | |  _|_|  _|_| |O|
|    _    |_| |   | |
|2|_ _|_|_ _ _|_|_ _|
(sala:1: 1 1 2 3)
(sala:11: 3 4 5 5 6)
(sala:12: 7 7 8 9 9)
(sala:22: 10 11 11 12 13)
(sala:26: 13 14 15 15 16)
(sala:27: 17 17 18 19 19)
(sala:37: 20 21 21 22 23)
(sala:47: 23 24 25 25 26)
(sala:57: 27 27 28 29 29)
(bender2:N:0:4:)
(sonny1:Y:0:5:)
(bender1:B:1:3: 0)
(asimo1:A:69:3: 29 27 25 23 21 19 17 15 13 11 9 7 5 3 1)
(asimo2:O:79:3: 29 27 25 23 21 19 17 15 13 11 9 7 5 3 1)
(spirit1:S:90:7:)
(spirit2:T:90:5:)
(turno:4)
(laberinto:99)
(puerta:cerrada:7: 1 3 5 7 9 11 13 15 17 19 21 23 25 27 29:)
 _ _ _ _ _ _ _ _ _ _
|Y N|_  | |    _ _  |
|  B  |  _ _| | |_  |
| |  _ _  |     | | |
|_|_   _|_  | | | | |
|_   _     _ _| | |_|
|_ _  |_|_| |_   _ A|
| | |_    | |      O|
| | |  _|_|  _|_| | |
|    _    |_| |   | |
|2|_ _|_|_ _ _|_|_ _|
(sala:1: 1 2 3)
(sala:11: 4 5 5 6)
(sala:12: 7 7 8 9 9)
(sala:22: 10 11 11 12 13)
(sala:26: 13 14 15 15 16)
(sala:27: 17 17 18 19 19)
(sala:37: 20 21 21 22 23)
(sala:47: 23 24 25 25 26)
(sala:57: 27 27 28 29 29)
(sonny1:Y:0:5:)
(bender2:N:1:4: 1)
(bender1:B:11:4: 3 0)
(asimo1:A:59:4: 29 27 25 23 21 19 17 15 13 11 9 7 5 3 1)
(asimo2:O:69:4: 29 27 25 23 21 19 17 15 13 11 9 7 5 3 1)
(spirit1:S:90:7:)
(spirit2:T:90:5:)
(turno:5)
(laberinto:99)
(puerta:cerrada:7: 1 3 5 7 9 11 13 15 17 19 21 23 25 27 29:)
 _ _ _ _ _ _ _ _ _ _
|_ Y|_  | |    _ _  |
|  N B|  _ _| | |_  |
| |  _ _  |     | | |
|_|_   _|_  | | | | |
|_   _     _ _| | |_|
|_ _  |_|_| |_   A O|
| | |_    | |       |
| | |  _|_|  _|_| | |
|T   _    |_| |   | |
|S|_ _|_|_ _ _|_|_ _|
(sala:1: 2 3)
(sala:11: 5 5 6)
(sala:12: 7 8 9 9)
(sala:22: 10 11 11 12 13)
(sala:26: 13 14 15 15 16)
(sala:27: 17 17 18 19 19)
(sala:37: 20 21 21 22 23)
(sala:47: 23 24 25 25 26)
(sala:57: 27 27 28 29 29)
(sala:58: 29)
(sonny1:Y:1:5: 1)
(bender2:N:11:5: 4 1)
(bender1:B:12:5: 7 3 0)
(asimo1:A:58:5: 27 25 23 21 19 17 15 13 11 9 7 5 3 1)
(asimo2:O:59:5: 29 27 25 23 21 19 17 15 13 11 9 7 5 3 1)
(spirit2:T:80:5:)
(spirit1:S:90:7:)
(turno:6)
(laberinto:99)
(puerta:cerrada:7: 1 3 5 7 9 11 13 15 17 19 21 23 25 27 29:)
 _ _ _ _ _ _ _ _ _ _
|_  |_  | |    _ _  |
|  Y N|  _ _| | |_  |
| |  B _  |     | | |
|_|_   _|_  | | | | |
|_   _     _ _| | |_|
|_ _  |_|_| |_ A O  |
| | |_    | |       |
|T| |  _|_|  _|_| | |
|    _    |_| |   | |
|S|_ _|_|_ _ _|_|_ _|
(sala:1: 2 3)
(sala:11: 5 6)
(sala:12: 8 9 9)
(sala:22: 11 11 12 13)
(sala:26: 13 14 15 15 16)
(sala:27: 17 17 18 19 19)
(sala:37: 20 21 21 22 23)
(sala:47: 23 24 25 25 26)
(sala:57: 27 27 28 29 29)
(sala:58: 29 29)
(sonny1:Y:11:6: 5 1)
(bender2:N:12:6: 7 4 1)
(bender1:B:22:6: 10 7 3 0)
(asimo1:A:57:6: 27 25 23 21 19 17 15 13 11 9 7 5 3 1)
(asimo2:O:58:6: 27 25 23 21 19 17 15 13 11 9 7 5 3 1)
(spirit2:T:70:6:)
(spirit1:S:90:7:)
(turno:7)
(laberinto:99)
(puerta:cerrada:7: 1 3 5 7 9 11 13 15 17 19 21 23 25 27 29:)
 _ _ _ _ _ _ _ _ _ _
|_  |_  | |    _ _  |
|Y _  |  _ _| | |_  |
| |B N _  |     | | |
|_|_   _|_  | | | | |
|_   _     _ _|A| |_|
|_ _  |_|_| |_ O _  |
|T| |_    | |       |
| | |  _|_|  _|_| | |
|S   _    |_| |   | |
|_|_ _|_|_ _ _|_|_ _|
(sala:1: 2 3)
(sala:11: 5 6)
(sala:12: 8 9 9)
(sala:22: 11 12 13)
(sala:26: 13 14 15 15 16)
(sala:27: 17 17 18 19 19)
(sala:37: 20 21 21 22 23)
(sala:47: 23 24 25 25 26)
(sala:57: 27 27 28 29 29)
(sala:58: 29 29)
(sonny1:Y:10:7: 5 1)
(bender1:B:21:7: 10 7 3 0)
(bender2:N:22:7: 11 7 4 1)
(asimo1:A:47:7: 27 25 23 21 19 17 15 13 11 9 7 5 3 1)
(asimo2:O:57:7: 27 25 23 21 19 17 15 13 11 9 7 5 3 1)
(spirit2:T:60:7:)
(spirit1:S:80:7:)
(turno:8)
(laberinto:99)
(puerta:cerrada:7: 1 3 5 7 9 11 13 15 17 19 21 23 25 27 29:)
 _ _ _ _ _ _ _ _ _ _
|_  |_  | |    _ _  |
|  _  |  _ _| | |_  |
|Y|N _ _  |     | | |
|_|B   _|_  | |A| | |
|_   _     _ _|O| |_|
|_ _  |_|_| |_   _  |
| | |_    | |       |
|2| |  _|_|  _|_| | |
|    _    |_| |   | |
|_|_ _|_|_ _ _|_|_ _|
(sala:1: 2 3)
(sala:11: 5 6)
(sala:12: 8 9 9)
(sala:22: 11 12 13)
(sala:26: 13 14 15 15 16)
(sala:27: 17 17 18 19 19)
(sala:37: 20 21 21 22 23)
(sala:47: 23 24 25 25 26)
(sala:57: 27 27 28 29 29)
(sala:58: 29 29)
(sonny1:Y:20:8: 5 1)
(bender2:N:21:8: 11 7 4 1)
(bender1:B:31:8: 10 7 3 0)
(asimo1:A:37:8: 27 25 23 21 19 17 15 13 11 9 7 5 3 1)
(asimo2:O:47:8: 27 25 23 21 19 17 15 13 11 9 7 5 3 1)
(spirit2:T:70:8:)
(spirit1:S:70:8:)
(turno:9)
(laberinto:99)
(puerta:cerrada:7: 1 3 5 7 9 11 13 15 17 19 21 23 25 27 29:)
 _ _ _ _ _ _ _ _ _ _
|_  |_  | |    _ _  |
|  _  |  _ _| | |_  |
| |  _ _  |    A| | |
|Y|N B _|_  | |O| | |
|_   _     _ _| | |_|
|_ _  |_|_| |_   _  |
|S| |_    | |       |
| | |  _|_|  _|_| | |
|T   _    |_| |   | |
|_|_ _|_|_ _ _|_|_ _|
(sala:1: 2 3)
(sala:11: 5 6)
(sala:12: 8 9 9)
(sala:22: 11 12 13)
(sala:26: 13 14 15 15 16)
(sala:27: 17 17 18 19 19)
(sala:37: 20 21 21 22 23)
(sala:47: 23 24 25 25 26)
(sala:57: 27 27 28 29 29)
(sala:58: 29 29)
(asimo1:A:27:9: 27 25 23 21 19 17 15 13 11 9 7 5 3 1)
(sonny1:Y:30:9: 5 1)
(bender2:N:31:9: 11 7 4 1)
(bender1:B:32:9: 10 7 3 0)
(asimo2:O:37:9: 27 25 23 21 19 17 15 13 11 9 7 5 3 1)
(spirit1:S:60:9:)
(spirit2:T:80:9:)
(turno:10)
(laberinto:99)
(puerta:cerrada:7: 1 3 5 7 9 11 13 15 17 19 21 23 25 27 29:)
 _ _ _ _ _ _ _ _ _ _
|_  |_  | |    _ _  |
|  _  |  _ _| | |_  |
|Y|  _ _  |  A O| | |
|_|_ N _|_  | | | | |
|_   B     _ _| | |_|
|_ _  |_|_| |_   _  |
| | |_    | |       |
|S| |  _|_|  _|_| | |
|  T _    |_| |   | |
|_|_ _|_|_ _ _|_|_ _|
(sala:1: 2 3)
(sala:11: 5 6)
(sala:12: 8 9 9)
(sala:22: 11 12 13)
(sala:26: 13 14 15 15 16 27)
(sala:27: 17 17 18 19 19)
(sala:37: 20 21 21 22 23)
(sala:47: 23 24 25 25 26)
(sala:57: 27 27 28 29 29)
(sala:58: 29 29)
(sonny1:Y:20:10: 5 1)
(asimo1:A:26:10: 25 23 21 19 17 15 13 11 9 7 5 3 1)
(asimo2:O:27:10: 27 25 23 21 19 17 15 13 11 9 7 5 3 1)
(bender2:N:32:10: 11 7 4 1)
(bender1:B:42:10: 10 7 3 0)
(spirit1:S:70:10:)
(spirit2:T:81:10:)
(turno:11)
(laberinto:99)
(puerta:cerrada:7: 1 3 5 7 9 11 13 15 17 19 21 23 25 27 29:)
 _ _ _ _ _ _ _ _ _ _
|_  |_  | |    _ _  |
|Y _  |  _ _|A| |_  |
| |  _ _  |  O  | | |
|_|_   _|_  | | | | |
|_   N B   _ _| | |_|
|_ _  |_|_| |_   _  |
| | |_    | |       |
| |T|  _|_|  _|_| | |
|S   _    |_| |   | |
|_|_ _|_|_ _ _|_|_ _|
(sala:1: 2 3)
(sala:11: 5 6)
(sala:12: 8 9 9)
(sala:16: 25)
(sala:22: 11 12 13)
(sala:26: 13 14 15 15 16 27 27)
(sala:27: 17 17 18 19 19)
(sala:37: 20 21 21 22 23)
(sala:47: 23 24 25 25 26)
(sala:57: 27 27 28 29 29)
(sala:58: 29 29)
(sonny1:Y:10:11: 5 1)
(asimo1:A:16:11: 23 21 19 17 15 13 11 9 7 5 3 1)
(asimo2:O:26:11: 25 23 21 19 17 15 13 11 9 7 5 3 1)
(bender2:N:42:11: 11 7 4 1)
(bender1:B:43:11: 10 7 3 0)
(spirit2:T:71:11:)
(spirit1:S:80:11:)
(turno:12)
(laberinto:99)
(puerta:cerrada:7: 1 3 5 7 9 11 13 15 17 19 21 23 25 27 29:)
 _ _ _ _ _ _ _ _ _ _
|_  |_  | |  A _ _  |
|  Y  |  _ _|O| |_  |
| |  _ _  |     | | |
|_|_   _|_  | | | | |
|_   _ N B _ _| | |_|
|_ _  |_|_| |_   _  |
| |T|_    | |       |
| | |  _|_|  _|_| | |
|  S _    |_| |   | |
|_|_ _|_|_ _ _|_|_ _|
(sala:1: 2 3)
(sala:6: 23)
(sala:11: 6)
(sala:12: 8 9 9)
(sala:16: 25 25)
(sala:22: 11 12 13)
(sala:26: 13 14 15 15 16 27 27)
(sala:27: 17 17 18 19 19)
(sala:37: 20 21 21 22 23)
(sala:47: 23 24 25 25 26)
(sala:57: 27 27 28 29 29)
(sala:58: 29 29)
(asimo1:A:6:12: 21 19 17 15 13 11 9 7 5 3 1)
(sonny1:Y:11:12: 5 5 1)
(asimo2:O:16:12: 23 21 19 17 15 13 11 9 7 5 3 1)
(bender2:N:43:12: 11 7 4 1)
(bender1:B:44:12: 10 7 3 0)
(spirit2:T:61:12:)
(spirit1:S:81:12:)
(turno:13)
(laberinto:99)
(puerta:cerrada:7: 1 3 5 7 9 11 13 15 17 19 21 23 25 27 29:)
 _ _ _ _ _ _ _ _ _ _
|_  |_  | |  O A _  |
|  _ Y|  _ _| | |_  |
| |  _ _  |     | | |
|_|_   _|_  | | | | |
|_   _   N B _| | |_|
|_ _  |_|_| |_   _  |
| | |_    | |       |
| |2|  _|_|  _|_| | |
|    _    |_| |   | |
|_|_ _|_|_ _ _|_|_ _|
(sala:1: 2 3)
(sala:6: 23 23)
(sala:11: 6)
(sala:12: 9 9)
(sala:16: 25 25)
(sala:22: 11 12 13)
(sala:26: 13 14 15 15 16 27 27)
(sala:27: 17 17 18 19 19)
(sala:37: 20 21 21 22 23)
(sala:47: 23 24 25 25 26)
(sala:57: 27 27 28 29 29)
(sala:58: 29 29)
(asimo2:O:6:13: 21 19 17 15 13 11 9 7 5 3 1)
(asimo1:A:7:13: 21 19 17 15 13 11 9 7 5 3 1)
(sonny1:Y:12:13: 8 5 5 1)
(bender2:N:44:13: 11 7 4 1)
(bender1:B:45:13: 10 7 3 0)
(spirit2:T:71:13:)
(spirit1:S:71:13:)
(turno:14)
(laberinto:99)
(puerta:cerrada:7: 1 3 5 7 9 11 13 15 17 19 21 23 25 27 29:)
 _ _ _ _ _ _ _ _ _ _
|_  |_  | |    O A  |
|  _  |  _ _| | |_  |
| |  Y _  |     | | |
|_|_   _|_ B| | | | |
|_   _     N _| | |_|
|_ _  |_|_| |_   _  |
| |S|_    | |       |
| | |  _|_|  _|_| | |
|  T _    |_| |   | |
|_|_ _|_|_ _ _|_|_ _|
(sala:1: 2 3)
(sala:6: 23 23)
(sala:8: 21)
(sala:11: 6)
(sala:12: 9 9)
(sala:16: 25 25)
(sala:22: 12 13)
(sala:26: 13 14 15 15 16 27 27)
(sala:27: 17 17 18 19 19)
(sala:37: 20 21 21 22 23)
(sala:47: 23 24 25 25 26)
(sala:57: 27 27 28 29 29)
(sala:58: 29 29)
(asimo2:O:7:14: 21 19 17 15 13 11 9 7 5 3 1)
(asimo1:A:8:14: 19 17 15 13 11 9 7 5 3 1)
(sonny1:Y:22:14: 11 8 5 5 1)
(bender1:B:35:14: 10 7 3 0)
(bender2:N:45:14: 11 7 4 1)
(spirit1:S:61:14:)
(spirit2:T:81:14:)
(turno:15)
(laberinto:99)
(puerta:cerrada:7: 1 3 5 7 9 11 13 15 17 19 21 23 25 27 29:)
 _ _ _ _ _ _ _ _ _ _
|_  |_  | |    _ O A|
|  _  |  _ _| | |_  |
| |Y _ _  |B    | | |
|_|_   _|_ N| | | | |
|_   _     _ _| | |_|
|_ _  |_|_| |_   _  |
| | |_    | |       |
| |S|  _|_|  _|_| | |
|    T    |_| |   | |
|_|_ _|_|_ _ _|_|_ _|
(sala:1: 2 3)
(sala:6: 23 23)
(sala:8: 21 21)
(sala:11: 6)
(sala:12: 9 9)
(sala:16: 25 25)
(sala:22: 12 13)
(sala:26: 13 14 15 15 16 27 27)
(sala:27: 17 17 18 19 19)
(sala:37: 20 21 21 22 23)
(sala:47: 23 24 25 25 26)
(sala:57: 27 27 28 29 29)
(sala:58: 29 29)
(asimo2:O:8:15: 19 17 15 13 11 9 7 5 3 1)
(asimo1:A:9:15: 19 17 15 13 11 9 7 5 3 1)
(sonny1:Y:21:15: 11 8 5 5 1)
(bender1:B:25:15: 10 7 3 0)
(bender2:N:35:15: 11 7 4 1)
(spirit1:S:71:15:)
(spirit2:T:82:15:)
(turno:16)
(laberinto:99)
(puerta:cerrada:7: 1 3 5 7 9 11 13 15 17 19 21 23 25 27 29:)
 _ _ _ _ _ _ _ _ _ _
|_  |_  | |    _ A O|
|  _  |  _ _| | |_  |
| |  _ _  |N B  | | |
|_|Y   _|_  | | | | |
|_   _     _ _| | |_|
|_ _  |_|_| |_   _  |
| | |_    | |       |
| | |T _|_|  _|_| | |
|  S _    |_| |   | |
|_|_ _|_|_ _ _|_|_ _|
(sala:1: 2 3)
(sala:6: 23 23)
(sala:8: 19 21 21)
(sala:11: 6)
(sala:12: 9 9)
(sala:16: 25 25)
(sala:22: 12 13)
(sala:26: 14 15 15 16 27 27)
(sala:27: 17 17 18 19 19)
(sala:37: 20 21 21 22 23)
(sala:47: 23 24 25 25 26)
(sala:57: 27 27 28 29 29)
(sala:58: 29 29)
(asimo1:A:8:16: 17 15 13 11 9 7 5 3 1)
(asimo2:O:9:16: 19 17 15 13 11 9 7 5 3 1)
(bender2:N:25:16: 11 7 4 1)
(bender1:B:26:16: 13 10 7 3 0)
(sonny1:Y:31:16: 11 8 5 5 1)
(spirit2:T:72:16:)
(spirit1:S:81:16:)
(turno:17)
(laberinto:99)
(puerta:cerrada:7: 1 3 5 7 9 11 13 15 17 19 21 23 25 27 29:)
 _ _ _ _ _ _ _ _ _ _
|_  |_  | |    A O  |
|  _  |  _ _| | |_  |
| |  _ _  |  N B| | |
|_|_ Y _|_  | | | | |
|_   _     _ _| | |_|
|_ _  |_|_| |_   _  |
| | |_    | |       |
| | |  T|_|  _|_| | |
|    S    |_| |   | |
|_|_ _|_|_ _ _|_|_ _|
(sala:1: 2 3)
(sala:6: 23 23)
(sala:8: 19 19 21 21)
(sala:11: 6)
(sala:12: 9 9)
(sala:16: 25 25)
(sala:22: 12 13)
(sala:26: 15 15 16 27 27)
(sala:27: 17 18 19 19)
(sala:37: 20 21 21 22 23)
(sala:47: 23 24 25 25 26)
(sala:57: 27 27 28 29 29)
(sala:58: 29 29)
(asimo1:A:7:17: 17 15 13 11 9 7 5 3 1)
(asimo2:O:8:17: 17 15 13 11 9 7 5 3 1)
(bender2:N:26:17: 14 11 7 4 1)
(bender1:B:27:17: 17 13 10 7 3 0)
(sonny1:Y:32:17: 11 8 5 5 1)
(spirit2:T:73:17:)
(spirit1:S:82:17:)
(turno:18)
(laberinto:99)
(puerta:cerrada:7: 1 3 5 7 9 11 13 15 17 19 21 23 25 27 29:)
 _ _ _ _ _ _ _ _ _ _
|_  |_  | |  A O _  |
|  _  |  _ _| | |_  |
| |  _ _  |    N| | |
|_|_   _|_  | |B| | |
|_   Y     _ _| | |_|
|_ _  |_|_| |_   _  |
| | |_ T  | |       |
| | |S _|_|  _|_| | |
|    _    |_| |   | |
|_|_ _|_|_ _ _|_|_ _|
(sala:1: 2 3)
(sala:6: 17 23 23)
(sala:8: 19 19 21 21)
(sala:11: 6)
(sala:12: 9 9)
(sala:16: 25 25)
(sala:22: 12 13)
(sala:26: 15 15 16 27 27)
(sala:27: 18 19 19)
(sala:37: 21 21 22 23)
(sala:47: 23 24 25 25 26)
(sala:57: 27 27 28 29 29)
(sala:58: 29 29)
(asimo1:A:6:18: 15 13 11 9 7 5 3 1)
(asimo2:O:7:18: 17 15 13 11 9 7 5 3 1)
(bender2:N:27:18: 17 14 11 7 4 1)
(bender1:B:37:18: 20 17 13 10 7 3 0)
(sonny1:Y:42:18: 11 8 5 5 1)
(spirit2:T:63:18:)
(spirit1:S:72:18:)
(turno:19)
(laberinto:99)
(puerta:cerrada:7: 1 3 5 7 9 11 13 15 17 19 21 23 25 27 29:)
 _ _ _ _ _ _ _ _ _ _
|_  |_  | |A O _ _  |
|  _  |  _ _| | |_  |
| |  _ _  |     | | |
|_|_   _|_  | |N| | |
|_ Y _     _ _|B| |_|
|_ _  |_|_| |_   _  |
| | |T    | |       |
| | |  S|_|  _|_| | |
|    _    |_| |   | |
|_|_ _|_|_ _ _|_|_ _|
(sala:1: 2 3)
(sala:6: 17 17 23 23)
(sala:8: 19 19 21 21)
(sala:11: 6)
(sala:12: 9 9)
(sala:16: 25 25)
(sala:22: 12 13)
(sala:26: 15 15 16 27 27)
(sala:27: 18 19 19)
(sala:37: 21 22 23)
(sala:47: 24 25 25 26)
(sala:57: 27 27 28 29 29)
(sala:58: 29 29)
(asimo1:A:5:19: 15 13 11 9 7 5 3 1)
(asimo2:O:6:19: 15 13 11 9 7 5 3 1)
(bender2:N:37:19: 21 17 14 11 7 4 1)
(sonny1:Y:41:19: 11 8 5 5 1)
(bender1:B:47:19: 23 20 17 13 10 7 3 0)
(spirit2:T:62:19:)
(spirit1:S:73:19:)
(turno:20)
(laberinto:99)
(puerta:cerrada:7: 1 3 5 7 9 11 13 15 17 19 21 23 25 27 29:)
 _ _ _ _ _ _ _ _ _ _
|_  |_  | |O   _ _  |
|  _  |  _ A| | |_  |
| |  _ _  |     | | |
|_|_   _|_  | | | | |
|Y   _     _ _|N| |_|
|_ _ T|_|_| |_ B _  |
| | |_ S  | |       |
| | |  _|_|  _|_| | |
|    _    |_| |   | |
|_|_ _|_|_ _ _|_|_ _|
(sala:1: 2 3)
(sala:6: 17 17 23 23)
(sala:8: 19 19 21 21)
(sala:11: 6)
(sala:12: 9 9)
(sala:16: 25 25)
(sala:22: 12 13)
(sala:26: 15 15 16 27 27)
(sala:27: 18 19 19)
(sala:37: 21 22 23)
(sala:47: 25 25 26)
(sala:57: 27 28 29 29)
(sala:58: 29 29)
(asimo2:O:5:20: 15 13 11 9 7 5 3 1)
(asimo1:A:15:20: 15 13 11 9 7 5 3 1)
(sonny1:Y:40:20: 11 8 5 5 1)
(bender2:N:47:20: 24 21 17 14 11 7 4 1)
(spirit2:T:52:20:)
(bender1:B:57:20: 27 23 20 17 13 10 7 3 0)
(spirit1:S:63:20:)
(turno:21)
(laberinto:99)
(puerta:cerrada:7: 1 3 5 7 9 11 13 15 17 19 21 23 25 27 29:)
 _ _ _ _ _ _ _ _ _ _
|_  |_  | |    _ _  |
|  _  |  A O| | |_  |
| |  _ _  |     | | |
|_|_   _|_  | | | | |
|_ Y _     _ _| | |_|
|_ T  |_|_| |_ N B  |
| | |S    | |       |
| | |  _|_|  _|_| | |
|    _    |_| |   | |
|_|_ _|_|_ _ _|_|_ _|
(sala:1: 2 3)
(sala:6: 17 17 23 23)
(sala:8: 19 19 21 21)
(sala:11: 6)
(sala:12: 9 9)
(sala:14: 15)
(sala:16: 25 25)
(sala:22: 12 13)
(sala:26: 15 15 16 27 27)
(sala:27: 18 19 19)
(sala:37: 21 22 23)
(sala:47: 25 25 26)
(sala:57: 28 29 29)
(sala:58: 29)
(asimo1:A:14:21: 13 11 9 7 5 3 1)
(asimo2:O:15:21: 15 13 11 9 7 5 3 1)
(sonny1:Y:41:21: 11 8 5 5 1)
(spirit2:T:51:21:)
(bender2:N:57:21: 27 24 21 17 14 11 7 4 1)
(bender1:B:58:21: 29 27 23 20 17 13 10 7 3 0)
(spirit1:S:62:21:)
(turno:22)
(laberinto:99)
(puerta:cerrada:7: 1 3 5 7 9 11 13 15 17 19 21 23 25 27 29:)
 _ _ _ _ _ _ _ _ _ _
|_  |_  | |    _ _  |
|  _  |A O _| | |_  |
| |  _ _  |     | | |
|_|_   _|_  | | | | |
|_   _     _ _| | |_|
|T Y S|_|_| |_   N B|
| | |_    | |       |
| | |  _|_|  _|_| | |
|    _    |_| |   | |
|_|_ _|_|_ _ _|_|_ _|
(sala:1: 2 3)
(sala:6: 17 17 23 23)
(sala:8: 19 19 21 21)
(sala:11: 6)
(sala:12: 9 9)
(sala:14: 15 15)
(sala:16: 25 25)
(sala:22: 12 13)
(sala:26: 15 15 16 27 27)
(sala:27: 18 19 19)
(sala:37: 21 22 23)
(sala:47: 25 25 26)
(sala:57: 28 29 29)
(asimo1:A:13:22: 13 11 9 7 5 3 1)
(asimo2:O:14:22: 13 11 9 7 5 3 1)
(spirit2:T:50:22:)
(sonny1:Y:51:22: 11 8 5 5 1)
(spirit1:S:52:22:)
(bender2:N:58:22: 29 27 24 21 17 14 11 7 4 1)
(bender1:B:59:22: 29 27 23 20 17 13 10 7 3 0)
(turno:23)
(laberinto:99)
(puerta:cerrada:7: 1 3 5 7 9 11 13 15 17 19 21 23 25 27 29:)
 _ _ _ _ _ _ _ _ _ _
|_  |_  | |    _ _  |
|  _  |O _ _| | |_  |
| |  _ A  |     | | |
|_|_   _|_  | | | | |
|_   _     _ _| | |_|
|Y 2  |_|_| |_   _ N|
| | |_    | |      B|
| | |  _|_|  _|_| | |
|    _    |_| |   | |
|_|_ _|_|_ _ _|_|_ _|
(sala:1: 2 3)
(sala:6: 17 17 23 23)
(sala:8: 19 19 21 21)
(sala:11: 6)
(sala:12: 9 9)
(sala:14: 15 15)
(sala:16: 25 25)
(sala:22: 12 13)
(sala:26: 15 15 16 27 27)
(sala:27: 18 19 19)
(sala:37: 21 22 23)
(sala:47: 25 25 26)
(sala:57: 28 29 29)
(asimo2:O:13:23: 13 11 9 7 5 3 1)
(asimo1:A:23:23: 13 11 9 7 5 3 1)
(sonny1:Y:50:23: 11 8 5 5 1)
(spirit2:T:51:23:)
(spirit1:S:51:23:)
(bender2:N:59:23: 29 27 24 21 17 14 11 7 4 1)
(bender1:B:69:23: 29 27 23 20 17 13 10 7 3 0)
(turno:24)
(laberinto:99)
(puerta:cerrada:7: 1 3 5 7 9 11 13 15 17 19 21 23 25 27 29:)
 _ _ _ _ _ _ _ _ _ _
|_  |_  | |    _ _  |
|  _  |  _ _| | |_  |
| |  A O  |     | | |
|_|_   _|_  | | | | |
|_ T _     _ _| | |_|
|S Y  |_|_| |_   _  |
| | |_    | |    B N|
| | |  _|_|  _|_| | |
|    _    |_| |   | |
|_|_ _|_|_ _ _|_|_ _|
(sala:1: 2 3)
(sala:6: 17 17 23 23)
(sala:8: 19 19 21 21)
(sala:11: 6)
(sala:12: 9 9)
(sala:14: 15 15)
(sala:16: 25 25)
(sala:22: 12 13 13)
(sala:26: 15 15 16 27 27)
(sala:27: 18 19 19)
(sala:37: 21 22 23)
(sala:47: 25 25 26)
(sala:57: 28 29 29)
(asimo1:A:22:24: 11 9 7 5 3 1)
(asimo2:O:23:24: 13 11 9 7 5 3 1)
(spirit2:T:41:24:)
(spirit1:S:50:24:)
(sonny1:Y:51:24: 11 8 5 5 1)
(bender1:B:68:24: 29 27 23 20 17 13 10 7 3 0)
(bender2:N:69:24: 29 27 24 21 17 14 11 7 4 1)
(turno:25)
(laberinto:99)
(puerta:cerrada:7: 1 3 5 7 9 11 13 15 17 19 21 23 25 27 29:)
 _ _ _ _ _ _ _ _ _ _
|_  |_  | |    _ _  |
|  _ A|  _ _| | |_  |
| |  O _  |     | | |
|_|_   _|_  | | | | |
|T   _     _ _| | |_|
|_ S Y|_|_| |_   _  |
| | |_    | |    N  |
| | |  _|_|  _|_|B| |
|    _    |_| |   | |
|_|_ _|_|_ _ _|_|_ _|
(sala:1: 2 3)
(sala:6: 17 17 23 23)
(sala:8: 19 19 21 21)
(sala:11: 6)
(sala:12: 9 9 11)
(sala:14: 15 15)
(sala:16: 25 25)
(sala:22: 12 13 13 13)
(sala:26: 15 15 16 27 27)
(sala:27: 18 19 19)
(sala:37: 21 22 23)
(sala:47: 25 25 26)
(sala:57: 28 29 29)
(asimo1:A:12:25: 9 7 5 3 1)
(asimo2:O:22:25: 11 9 7 5 3 1)
(spirit2:T:40:25:)
(spirit1:S:51:25:)
(sonny1:Y:52:25: 11 8 5 5 1)
(bender2:N:68:25: 29 27 24 21 17 14 11 7 4 1)
(bender1:B:78:25: 29 27 23 20 17 13 10 7 3 0)
(turno:26)
(laberinto:99)
(puerta:cerrada:7: 1 3 5 7 9 11 13 15 17 19 21 23 25 27 29:)
 _ _ _ _ _ _ _ _ _ _
|_  |_  | |    _ _  |
|  A O|  _ _| | |_  |
| |  _ _  |     | | |
|_|_   _|_  | | | | |
|_ 2 _     _ _| | |_|
|_ _  |_|_| |_   _  |
| | |Y    | |       |
| | |  _|_|  _|_|N| |
|    _    |_| |  B| |
|_|_ _|_|_ _ _|_|_ _|
(sala:1: 2 3)
(sala:6: 17 17 23 23)
(sala:8: 19 19 21 21)
(sala:11: 6)
(sala:12: 9 9 11 11)
(sala:14: 15 15)
(sala:16: 25 25)
(sala:22: 12 13 13 13)
(sala:26: 15 15 16 27 27)
(sala:27: 18 19 19)
(sala:37: 21 22 23)
(sala:47: 25 25 26)
(sala:57: 28 29 29)
(asimo1:A:11:26: 9 7 5 3 1)
(asimo2:O:12:26: 9 7 5 3 1)
(spirit2:T:41:26:)
(spirit1:S:41:26:)
(sonny1:Y:62:26: 11 8 5 5 1)
(bender2:N:78:26: 29 27 24 21 17 14 11 7 4 1)
(bender1:B:88:26: 29 27 23 20 17 13 10 7 3 0)
(turno:27)
(laberinto:99)
(puerta:cerrada:7: 1 3 5 7 9 11 13 15 17 19 21 23 25 27 29:)
 _ _ _ _ _ _ _ _ _ _
|_ A|_  | |    _ _  |
|  O  |  _ _| | |_  |
| |  _ _  |     | | |
|_|_   _|_  | | | | |
|S   T     _ _| | |_|
|_ _  |_|_| |_   _  |
| | |_ Y  | |       |
| | |  _|_|  _|_| | |
|    _    |_| |  N| |
|_|_ _|_|_ _ _|_|B _|
(sala:1: 2 3)
(sala:6: 17 17 23 23)
(sala:8: 19 19 21 21)
(sala:11: 6)
(sala:12: 9 9 11 11)
(sala:14: 15 15)
(sala:16: 25 25)
(sala:22: 12 13 13 13)
(sala:26: 15 15 16 27 27)
(sala:27: 18 19 19)
(sala:37: 21 22 23)
(sala:47: 25 25 26)
(sala:57: 28 29 29)
(asimo1:A:1:27: 9 7 5 3 1)
(asimo2:O:11:27: 9 7 5 3 1)
(spirit1:S:40:27:)
(spirit2:T:42:27:)
(sonny1:Y:63:27: 11 8 5 5 1)
(bender2:N:88:27: 29 27 24 21 17 14 11 7 4 1)
(bender1:B:98:27: 29 27 23 20 17 13 10 7 3 0)
(turno:28)
(laberinto:99)
(puerta:cerrada:7: 1 3 5 7 9 11 13 15 17 19 21 23 25 27 29:)
 _ _ _ _ _ _ _ _ _ _
|A O|_  | |    _ _  |
|  _  |  _ _| | |_  |
| |  _ _  |     | | |
|_|_ T _|_  | | | | |
|_ S _     _ _| | |_|
|_ _  |_|_| |_   _  |
| | |_    | |       |
| | |  Y|_|  _|_| | |
|    _    |_| |   | |
|_|_ _|_|_ _ _|_|N B|
(sala:0: 9)
(sala:1: 2 3)
(sala:6: 17 17 23 23)
(sala:8: 19 19 21 21)
(sala:11: 6)
(sala:12: 9 9 11 11)
(sala:14: 15 15)
(sala:16: 25 25)
(sala:22: 12 13 13 13)
(sala:26: 15 15 16 27 27)
(sala:27: 18 19 19)
(sala:37: 21 22 23)
(sala:47: 25 25 26)
(sala:57: 28 29 29)
(asimo1:A:0:28: 7 5 3 1)
(asimo2:O:1:28: 9 7 5 3 1)
(spirit2:T:32:28:)
(spirit1:S:41:28:)
(sonny1:Y:73:28: 11 8 5 5 1)
(bender2:N:98:28: 29 27 24 21 17 14 11 7 4 1)
(bender1:B:99:28: 29 27 23 20 17 13 10 7 3 0)
(turno:29)
(laberinto:99)
(puerta:abierta:7: 1 3 5 7 9 11 13 15 17 19 21 23 25 27: 29)
 _ _ _ _ _ _ _ _ _ _
|O A|_  | |    _ _  |
|  _  |  _ _| | |_  |
| |  _ _  |     | | |
|_|T   _|_  | | | | |
|_   S     _ _| | |_|
|_ _  |_|_| |_   _  |
| | |_    | |       |
| | |Y _|_|  _|_| | |
|    _    |_| |   | |
|_|_ _|_|_ _ _|_|_ N|
(sala:0: 9 9)
(sala:1: 2 3)
(sala:6: 17 17 23 23)
(sala:8: 19 19 21 21)
(sala:11: 6)
(sala:12: 9 9 11 11)
(sala:14: 15 15)
(sala:16: 25 25)
(sala:22: 12 13 13 13)
(sala:26: 15 15 16 27 27)
(sala:27: 18 19 19)
(sala:37: 21 22 23)
(sala:47: 25 25 26)
(sala:57: 28 29 29)
(asimo2:O:0:29: 7 5 3 1)
(asimo1:A:1:29: 7 5 3 1)
(spirit2:T:31:29:)
(spirit1:S:42:29:)
(sonny1:Y:72:29: 11 8 5 5 1)
(bender2:N:99:29: 29 27 24 21 17 14 11 7 4 1)
(robotsganadores)
(bender1:ganador:B:1111:29: 27 23 20 17 13 10 7 3 0)
